- [OUTPUT] ft_printf("%-s", NULL)
   expected: "(null)"
   actual:   "      (null)"

- [OUTPUT] ft_printf("%-*.199s%--122.d%0158.87%%-108s" ,-34,":-'D!",800222161,NULL)
   expected: ":-'D!                             800222161                                                                                                                 0000000000000000000000000000000000000000000000000000000000000000000000000000000000000000000000000000000000000000000000000000000000000000000000000000000000000%(null)                                                                                                      "
   actual:   ":-'D!                             800222161                                                                                                                                                                                                                                                                              %(null)                                                                                                      "

- [OUTPUT] ft_printf("%00129.*X%00*.32i%-121c%-167.53%" ,113,3120340762u,-88,-387655089,-12)
   expected: "                000000000000000000000000000000000000000000000000000000000000000000000000000000000000000000000000000000000B9FC9F1A-00000000000000000000000387655089                                                                                                                                                                               %                                                                                                                                                                      \f4"
   actual:   "                000000000000000000000000000000000000000000000000000000000000000000000000000000000000000000000000000000000B9FC9F1A-00000000000000000000000387655089                                                                                                                        %                                                                                                                                                                      \f4"

- [OUTPUT] ft_printf("%0*.%%-*.50s%--105.137d%038.158%%-45.83%" ,-166,-154,"j`YV3W(-|K'\trQ#k/\tfm,nK",961916674)
   expected: "%                                                                                                                                                                     j`YV3W(-|K'rQ#k/fm,nK                                                                                                                                   000000000000000000000000000000000000000000000000000000000000000000000000000000000000000000000000000000000000000000000000000000009619166740000000000000000000000000000000000000%%                                            \t\t"
   actual:   "%                                                                                                                                                                     j`YV3W(-|K'rQ#k/fm,nK                                                                                                                                   00000000000000000000000000000000000000000000000000000000000000000000000000000000000000000000000000000000000000000000000000000000961916674                                     %%                                            \t\t"

- [OUTPUT] ft_printf("%00183.%%-44.48d" ,2066635919)
   expected: "00000000000000000000000000000000000000000000000000000000000000000000000000000000000000000000000000000000000000000000000000000000000000000000000000000000000000000000000000000000000000%000000000000000000000000000000000000002066635919"
   actual:   "                                                                                                                                                                                      %000000000000000000000000000000000000002066635919"

- [OUTPUT] ft_printf("%1.p", NULL)
   expected: "0x"
   actual:   " 0x "

- [OUTPUT] ft_printf("%1.p", NULL)
   expected: "0x"
   actual:   " 0x "

- [OUTPUT] ft_printf("%5.p", NULL)
   expected: "   0x"
   actual:   "     0x "

- [OUTPUT] ft_printf("%5.p", NULL)
   expected: "   0x"
   actual:   "     0x "

- [OUTPUT] ft_printf("-->|%-16.p|<-- ", NULL)
   expected: "-->|0x              |<-- "
   actual:   "-->|0x                |<-- "

- [OUTPUT] ft_printf("-->|%-16.p|<-- ", NULL)
   expected: "-->|0x              |<-- "
   actual:   "-->|0x                |<-- "

